<?xml version="1.0" encoding="UTF-8"?>
<testsuite xmlns:xsi="http://www.w3.org/2001/XMLSchema-instance" xsi:noNamespaceSchemaLocation="https://maven.apache.org/surefire/maven-surefire-plugin/xsd/surefire-test-report.xsd" name="TestSuite" time="5.132" tests="2" errors="0" skipped="0" failures="0">
  <properties>
    <property name="sun.desktop" value="windows"/>
    <property name="awt.toolkit" value="sun.awt.windows.WToolkit"/>
    <property name="file.encoding.pkg" value="sun.io"/>
    <property name="java.specification.version" value="1.8"/>
    <property name="sun.cpu.isalist" value="amd64"/>
    <property name="sun.jnu.encoding" value="GBK"/>
    <property name="java.class.path" value="D:\sunsharp\API_AutoFramewrok_Demo\target\test-classes;D:\sunsharp\API_AutoFramewrok_Demo\target\classes;D:\local\repo\org\apache\httpcomponents\httpclient\4.5.5\httpclient-4.5.5.jar;D:\local\repo\commons-logging\commons-logging\1.2\commons-logging-1.2.jar;D:\local\repo\commons-codec\commons-codec\1.10\commons-codec-1.10.jar;D:\local\repo\org\apache\httpcomponents\httpcore\4.4.9\httpcore-4.4.9.jar;D:\local\repo\com\vimalselvam\testng-extentsreport\1.3.1\testng-extentsreport-1.3.1.jar;D:\local\repo\com\google\guava\guava\20.0\guava-20.0.jar;D:\local\repo\com\aventstack\extentreports\3.1.5\extentreports-3.1.5.jar;D:\local\repo\org\freemarker\freemarker\2.3.23\freemarker-2.3.23.jar;D:\local\repo\org\mongodb\mongodb-driver\3.3.0\mongodb-driver-3.3.0.jar;D:\local\repo\org\mongodb\bson\3.3.0\bson-3.3.0.jar;D:\local\repo\org\mongodb\mongodb-driver-core\3.3.0\mongodb-driver-core-3.3.0.jar;D:\local\repo\org\apache\httpcomponents\httpmime\4.5.2\httpmime-4.5.2.jar;D:\local\repo\org\jsoup\jsoup\1.9.2\jsoup-1.9.2.jar;D:\local\repo\com\google\code\gson\gson\2.8.0\gson-2.8.0.jar;D:\local\repo\org\testng\testng\6.9.10\testng-6.9.10.jar;D:\local\repo\com\beust\jcommander\1.48\jcommander-1.48.jar;D:\local\repo\org\beanshell\bsh\2.0b4\bsh-2.0b4.jar;D:\local\repo\com\alibaba\fastjson\1.2.47\fastjson-1.2.47.jar;D:\local\repo\org\apache\poi\poi\3.17\poi-3.17.jar;D:\local\repo\org\apache\commons\commons-collections4\4.1\commons-collections4-4.1.jar;D:\local\repo\org\apache\poi\poi-ooxml\3.17\poi-ooxml-3.17.jar;D:\local\repo\com\github\virtuald\curvesapi\1.04\curvesapi-1.04.jar;D:\local\repo\org\apache\poi\poi-ooxml-schemas\3.17\poi-ooxml-schemas-3.17.jar;D:\local\repo\org\apache\xmlbeans\xmlbeans\2.6.0\xmlbeans-2.6.0.jar;D:\local\repo\stax\stax-api\1.0.1\stax-api-1.0.1.jar;D:\local\repo\log4j\log4j\1.2.7\log4j-1.2.7.jar;D:\local\repo\org\apache\maven\plugins\maven-compiler-plugin\3.5.1\maven-compiler-plugin-3.5.1.jar;D:\local\repo\org\apache\maven\maven-plugin-api\3.0\maven-plugin-api-3.0.jar;D:\local\repo\org\apache\maven\maven-model\3.0\maven-model-3.0.jar;D:\local\repo\org\sonatype\sisu\sisu-inject-plexus\1.4.2\sisu-inject-plexus-1.4.2.jar;D:\local\repo\org\sonatype\sisu\sisu-inject-bean\1.4.2\sisu-inject-bean-1.4.2.jar;D:\local\repo\org\sonatype\sisu\sisu-guice\2.1.7\sisu-guice-2.1.7-noaop.jar;D:\local\repo\org\apache\maven\maven-artifact\3.0\maven-artifact-3.0.jar;D:\local\repo\org\codehaus\plexus\plexus-utils\2.0.4\plexus-utils-2.0.4.jar;D:\local\repo\org\apache\maven\maven-core\3.0\maven-core-3.0.jar;D:\local\repo\org\apache\maven\maven-settings\3.0\maven-settings-3.0.jar;D:\local\repo\org\apache\maven\maven-settings-builder\3.0\maven-settings-builder-3.0.jar;D:\local\repo\org\apache\maven\maven-repository-metadata\3.0\maven-repository-metadata-3.0.jar;D:\local\repo\org\apache\maven\maven-model-builder\3.0\maven-model-builder-3.0.jar;D:\local\repo\org\apache\maven\maven-aether-provider\3.0\maven-aether-provider-3.0.jar;D:\local\repo\org\sonatype\aether\aether-impl\1.7\aether-impl-1.7.jar;D:\local\repo\org\sonatype\aether\aether-spi\1.7\aether-spi-1.7.jar;D:\local\repo\org\sonatype\aether\aether-api\1.7\aether-api-1.7.jar;D:\local\repo\org\sonatype\aether\aether-util\1.7\aether-util-1.7.jar;D:\local\repo\org\codehaus\plexus\plexus-interpolation\1.14\plexus-interpolation-1.14.jar;D:\local\repo\org\codehaus\plexus\plexus-classworlds\2.2.3\plexus-classworlds-2.2.3.jar;D:\local\repo\org\codehaus\plexus\plexus-component-annotations\1.5.5\plexus-component-annotations-1.5.5.jar;D:\local\repo\org\sonatype\plexus\plexus-sec-dispatcher\1.3\plexus-sec-dispatcher-1.3.jar;D:\local\repo\org\sonatype\plexus\plexus-cipher\1.4\plexus-cipher-1.4.jar;D:\local\repo\org\apache\maven\maven-toolchain\2.2.1\maven-toolchain-2.2.1.jar;D:\local\repo\org\apache\maven\shared\maven-shared-utils\3.0.0\maven-shared-utils-3.0.0.jar;D:\local\repo\commons-io\commons-io\2.4\commons-io-2.4.jar;D:\local\repo\com\google\code\findbugs\jsr305\2.0.1\jsr305-2.0.1.jar;D:\local\repo\org\apache\maven\shared\maven-shared-incremental\1.1\maven-shared-incremental-1.1.jar;D:\local\repo\org\codehaus\plexus\plexus-compiler-api\2.7\plexus-compiler-api-2.7.jar;D:\local\repo\org\codehaus\plexus\plexus-compiler-manager\2.7\plexus-compiler-manager-2.7.jar;D:\local\repo\org\codehaus\plexus\plexus-compiler-javac\2.7\plexus-compiler-javac-2.7.jar;D:\sunsharp\API_AutoFramewrok_Demo/src/main/webapp/â€ŒWEB-INF/;D:\local\repo\org\apache\maven\surefire\surefire-testng-utils\2.20.1\surefire-testng-utils-2.20.1.jar;D:\local\repo\org\apache\maven\surefire\surefire-grouper\2.20.1\surefire-grouper-2.20.1.jar;"/>
    <property name="java.vm.vendor" value="Oracle Corporation"/>
    <property name="sun.arch.data.model" value="64"/>
    <property name="user.variant" value=""/>
    <property name="java.vendor.url" value="http://java.oracle.com/"/>
    <property name="user.timezone" value="Asia/Shanghai"/>
    <property name="java.vm.specification.version" value="1.8"/>
    <property name="os.name" value="Windows 7"/>
    <property name="user.country" value="CN"/>
    <property name="sun.java.launcher" value="SUN_STANDARD"/>
    <property name="sun.boot.library.path" value="C:\Program Files\Java\jdk1.8.0_51\jre\bin"/>
    <property name="sun.java.command" value="C:\Users\ADMINI~1\AppData\Local\Temp\surefire3534195326597372748\surefirebooter2547309108154551514.jar C:\Users\Administrator\AppData\Local\Temp\surefire3534195326597372748 2020-09-10T17-05-55_425-jvmRun1 surefire133256954672863593tmp surefire_07521956655091098449tmp"/>
    <property name="surefire.test.class.path" value="D:\sunsharp\API_AutoFramewrok_Demo\target\test-classes;D:\sunsharp\API_AutoFramewrok_Demo\target\classes;D:\local\repo\org\apache\httpcomponents\httpclient\4.5.5\httpclient-4.5.5.jar;D:\local\repo\commons-logging\commons-logging\1.2\commons-logging-1.2.jar;D:\local\repo\commons-codec\commons-codec\1.10\commons-codec-1.10.jar;D:\local\repo\org\apache\httpcomponents\httpcore\4.4.9\httpcore-4.4.9.jar;D:\local\repo\com\vimalselvam\testng-extentsreport\1.3.1\testng-extentsreport-1.3.1.jar;D:\local\repo\com\google\guava\guava\20.0\guava-20.0.jar;D:\local\repo\com\aventstack\extentreports\3.1.5\extentreports-3.1.5.jar;D:\local\repo\org\freemarker\freemarker\2.3.23\freemarker-2.3.23.jar;D:\local\repo\org\mongodb\mongodb-driver\3.3.0\mongodb-driver-3.3.0.jar;D:\local\repo\org\mongodb\bson\3.3.0\bson-3.3.0.jar;D:\local\repo\org\mongodb\mongodb-driver-core\3.3.0\mongodb-driver-core-3.3.0.jar;D:\local\repo\org\apache\httpcomponents\httpmime\4.5.2\httpmime-4.5.2.jar;D:\local\repo\org\jsoup\jsoup\1.9.2\jsoup-1.9.2.jar;D:\local\repo\com\google\code\gson\gson\2.8.0\gson-2.8.0.jar;D:\local\repo\org\testng\testng\6.9.10\testng-6.9.10.jar;D:\local\repo\com\beust\jcommander\1.48\jcommander-1.48.jar;D:\local\repo\org\beanshell\bsh\2.0b4\bsh-2.0b4.jar;D:\local\repo\com\alibaba\fastjson\1.2.47\fastjson-1.2.47.jar;D:\local\repo\org\apache\poi\poi\3.17\poi-3.17.jar;D:\local\repo\org\apache\commons\commons-collections4\4.1\commons-collections4-4.1.jar;D:\local\repo\org\apache\poi\poi-ooxml\3.17\poi-ooxml-3.17.jar;D:\local\repo\com\github\virtuald\curvesapi\1.04\curvesapi-1.04.jar;D:\local\repo\org\apache\poi\poi-ooxml-schemas\3.17\poi-ooxml-schemas-3.17.jar;D:\local\repo\org\apache\xmlbeans\xmlbeans\2.6.0\xmlbeans-2.6.0.jar;D:\local\repo\stax\stax-api\1.0.1\stax-api-1.0.1.jar;D:\local\repo\log4j\log4j\1.2.7\log4j-1.2.7.jar;D:\local\repo\org\apache\maven\plugins\maven-compiler-plugin\3.5.1\maven-compiler-plugin-3.5.1.jar;D:\local\repo\org\apache\maven\maven-plugin-api\3.0\maven-plugin-api-3.0.jar;D:\local\repo\org\apache\maven\maven-model\3.0\maven-model-3.0.jar;D:\local\repo\org\sonatype\sisu\sisu-inject-plexus\1.4.2\sisu-inject-plexus-1.4.2.jar;D:\local\repo\org\sonatype\sisu\sisu-inject-bean\1.4.2\sisu-inject-bean-1.4.2.jar;D:\local\repo\org\sonatype\sisu\sisu-guice\2.1.7\sisu-guice-2.1.7-noaop.jar;D:\local\repo\org\apache\maven\maven-artifact\3.0\maven-artifact-3.0.jar;D:\local\repo\org\codehaus\plexus\plexus-utils\2.0.4\plexus-utils-2.0.4.jar;D:\local\repo\org\apache\maven\maven-core\3.0\maven-core-3.0.jar;D:\local\repo\org\apache\maven\maven-settings\3.0\maven-settings-3.0.jar;D:\local\repo\org\apache\maven\maven-settings-builder\3.0\maven-settings-builder-3.0.jar;D:\local\repo\org\apache\maven\maven-repository-metadata\3.0\maven-repository-metadata-3.0.jar;D:\local\repo\org\apache\maven\maven-model-builder\3.0\maven-model-builder-3.0.jar;D:\local\repo\org\apache\maven\maven-aether-provider\3.0\maven-aether-provider-3.0.jar;D:\local\repo\org\sonatype\aether\aether-impl\1.7\aether-impl-1.7.jar;D:\local\repo\org\sonatype\aether\aether-spi\1.7\aether-spi-1.7.jar;D:\local\repo\org\sonatype\aether\aether-api\1.7\aether-api-1.7.jar;D:\local\repo\org\sonatype\aether\aether-util\1.7\aether-util-1.7.jar;D:\local\repo\org\codehaus\plexus\plexus-interpolation\1.14\plexus-interpolation-1.14.jar;D:\local\repo\org\codehaus\plexus\plexus-classworlds\2.2.3\plexus-classworlds-2.2.3.jar;D:\local\repo\org\codehaus\plexus\plexus-component-annotations\1.5.5\plexus-component-annotations-1.5.5.jar;D:\local\repo\org\sonatype\plexus\plexus-sec-dispatcher\1.3\plexus-sec-dispatcher-1.3.jar;D:\local\repo\org\sonatype\plexus\plexus-cipher\1.4\plexus-cipher-1.4.jar;D:\local\repo\org\apache\maven\maven-toolchain\2.2.1\maven-toolchain-2.2.1.jar;D:\local\repo\org\apache\maven\shared\maven-shared-utils\3.0.0\maven-shared-utils-3.0.0.jar;D:\local\repo\commons-io\commons-io\2.4\commons-io-2.4.jar;D:\local\repo\com\google\code\findbugs\jsr305\2.0.1\jsr305-2.0.1.jar;D:\local\repo\org\apache\maven\shared\maven-shared-incremental\1.1\maven-shared-incremental-1.1.jar;D:\local\repo\org\codehaus\plexus\plexus-compiler-api\2.7\plexus-compiler-api-2.7.jar;D:\local\repo\org\codehaus\plexus\plexus-compiler-manager\2.7\plexus-compiler-manager-2.7.jar;D:\local\repo\org\codehaus\plexus\plexus-compiler-javac\2.7\plexus-compiler-javac-2.7.jar;D:\sunsharp\API_AutoFramewrok_Demo/src/main/webapp/â€ŒWEB-INF/;D:\local\repo\org\apache\maven\surefire\surefire-testng-utils\2.20.1\surefire-testng-utils-2.20.1.jar;D:\local\repo\org\apache\maven\surefire\surefire-grouper\2.20.1\surefire-grouper-2.20.1.jar;"/>
    <property name="sun.cpu.endian" value="little"/>
    <property name="user.home" value="C:\Users\Administrator"/>
    <property name="user.language" value="zh"/>
    <property name="java.specification.vendor" value="Oracle Corporation"/>
    <property name="java.home" value="C:\Program Files\Java\jdk1.8.0_51\jre"/>
    <property name="basedir" value="D:\sunsharp\API_AutoFramewrok_Demo"/>
    <property name="file.separator" value="\"/>
    <property name="line.separator" value="&#10;"/>
    <property name="java.vm.specification.vendor" value="Oracle Corporation"/>
    <property name="java.specification.name" value="Java Platform API Specification"/>
    <property name="java.awt.graphicsenv" value="sun.awt.Win32GraphicsEnvironment"/>
    <property name="surefire.real.class.path" value="C:\Users\ADMINI~1\AppData\Local\Temp\surefire3534195326597372748\surefirebooter2547309108154551514.jar"/>
    <property name="sun.boot.class.path" value="C:\Program Files\Java\jdk1.8.0_51\jre\lib\resources.jar;C:\Program Files\Java\jdk1.8.0_51\jre\lib\rt.jar;C:\Program Files\Java\jdk1.8.0_51\jre\lib\sunrsasign.jar;C:\Program Files\Java\jdk1.8.0_51\jre\lib\jsse.jar;C:\Program Files\Java\jdk1.8.0_51\jre\lib\jce.jar;C:\Program Files\Java\jdk1.8.0_51\jre\lib\charsets.jar;C:\Program Files\Java\jdk1.8.0_51\jre\lib\jfr.jar;C:\Program Files\Java\jdk1.8.0_51\jre\classes"/>
    <property name="user.script" value=""/>
    <property name="sun.management.compiler" value="HotSpot 64-Bit Tiered Compilers"/>
    <property name="java.runtime.version" value="1.8.0_51-b16"/>
    <property name="user.name" value="Administrator"/>
    <property name="path.separator" value=";"/>
    <property name="os.version" value="6.1"/>
    <property name="java.endorsed.dirs" value="C:\Program Files\Java\jdk1.8.0_51\jre\lib\endorsed"/>
    <property name="java.runtime.name" value="Java(TM) SE Runtime Environment"/>
    <property name="file.encoding" value="UTF-8"/>
    <property name="java.vm.name" value="Java HotSpot(TM) 64-Bit Server VM"/>
    <property name="localRepository" value="D:\local\repo"/>
    <property name="java.vendor.url.bug" value="http://bugreport.sun.com/bugreport/"/>
    <property name="java.io.tmpdir" value="C:\Users\ADMINI~1\AppData\Local\Temp\"/>
    <property name="java.version" value="1.8.0_51"/>
    <property name="user.dir" value="D:\sunsharp\API_AutoFramewrok_Demo"/>
    <property name="os.arch" value="amd64"/>
    <property name="java.vm.specification.name" value="Java Virtual Machine Specification"/>
    <property name="java.awt.printerjob" value="sun.awt.windows.WPrinterJob"/>
    <property name="sun.os.patch.level" value="Service Pack 1"/>
    <property name="java.library.path" value="C:\Program Files\Java\jdk1.8.0_51\jre\bin;C:\windows\Sun\Java\bin;C:\windows\system32;C:\windows;C:/Program Files/Java/jre1.8.0_51/bin/server;C:/Program Files/Java/jre1.8.0_51/bin;C:/Program Files/Java/jre1.8.0_51/lib/amd64;C:\Program Files (x86)\NetSarang\Xshell 6\;C:\ProgramData\Oracle\Java\javapath;D:\apache-maven-3.2.1\bin;C:\ProgramData\Anaconda2;C:\ProgramData\Anaconda2\Library\mingw-w64\bin;C:\ProgramData\Anaconda2\Library\usr\bin;C:\ProgramData\Anaconda2\Library\bin;C:\ProgramData\Anaconda2\Scripts;C:\Program Files\Java\jdk1.8.0_51\bin;C:\windows\system32;C:\windows;C:\windows\System32\Wbem;C:\windows\System32\WindowsPowerShell\v1.0\;D:\Program Files (x86)\EditPlus\EditPlus-x86;D:\Program Files (x86)\apache-jmeter-3.0\bin;C:\Program Files (x86)\TortoiseSVN\bin;C:\windows\system32;C:\windows;C:\windows\System32\Wbem;C:\windows\System32\WindowsPowerShell\v1.0\;C:\Program Files\TortoiseSVN\bin;D:\Program Files\Git\cmd;D:\nodejs\;C:\Users\Administrator\AppData\Local\Android\android-sdk\platform-tools;C:\Users\Administrator\AppData\Local\Android\android-sdk\tools;C:\Users\Administrator\AppData\Local\Android\android-sdk\build-tools\28.0.3;C:\Users\Administrator\AppData\Local\Programs\Fiddler;D:\Fiddler;C:\Users\Administrator\AppData\Roaming\npm;D:\eclipse;;."/>
    <property name="java.vm.info" value="mixed mode"/>
    <property name="java.vendor" value="Oracle Corporation"/>
    <property name="java.vm.version" value="25.51-b03"/>
    <property name="java.ext.dirs" value="C:\Program Files\Java\jdk1.8.0_51\jre\lib\ext;C:\windows\Sun\Java\lib\ext"/>
    <property name="sun.io.unicode.encoding" value="UnicodeLittle"/>
    <property name="java.class.version" value="52.0"/>
  </properties>
  <testcase name="loginTest" classname="com.qa.tests.CountryTests" time="4.78"/>
  <testcase name="getUserTest" classname="com.qa.tests.CountryTests" time="0.035"/>
</testsuite>