<?xml version="1.0" encoding="UTF-8"?>
<!-- Generated by org.testng.reporters.JUnitReportReporter -->
<testsuite hostname="YCSPC009" name="com.qa.tests.CountryTests" tests="2" failures="0" timestamp="10 Sep 2020 11:34:46 GMT" time="5.069" errors="0">
  <testcase name="loginTest" time="5.010" classname="com.qa.tests.CountryTests"/>
  <testcase name="getUserTest" time="0.059" classname="com.qa.tests.CountryTests"/>
</testsuite> <!-- com.qa.tests.CountryTests -->
