<?xml version="1.0" encoding="UTF-8"?>
<!-- Generated by org.testng.reporters.JUnitReportReporter -->
<testsuite hostname="YCSPC009" name="com.qa.test.CountryTest" tests="1" failures="0" timestamp="28 Sep 2020 09:51:05 GMT" time="26.211" errors="0">
  <testcase name="loginTest" time="26.211" classname="com.qa.test.CountryTest"/>
</testsuite> <!-- com.qa.test.CountryTest -->
