<?xml version="1.0" encoding="UTF-8"?>
<!-- Generated by org.testng.reporters.JUnitReportReporter -->
<testsuite hostname="YCSPC009" name="com.qa.tests.CountryTests" tests="2" failures="0" timestamp="10 Sep 2020 09:42:56 GMT" time="3.632" errors="0">
  <testcase name="loginTest" time="3.596" classname="com.qa.tests.CountryTests"/>
  <testcase name="getUserTest" time="0.036" classname="com.qa.tests.CountryTests"/>
</testsuite> <!-- com.qa.tests.CountryTests -->
