<?xml version="1.0" encoding="UTF-8"?>
<!-- Generated by org.testng.reporters.JUnitReportReporter -->
<testsuite hostname="YCSPC009" name="com.qa.tests.PostApiCounrty" tests="1" failures="0" timestamp="23 Jul 2020 09:16:08 GMT" time="0.989" errors="0">
  <testcase name="postAPITest" time="0.989" classname="com.qa.tests.PostApiCounrty"/>
</testsuite> <!-- com.qa.tests.PostApiCounrty -->
