<?xml version="1.0" encoding="UTF-8"?>
<!-- Generated by org.testng.reporters.JUnitReportReporter -->
<testsuite hostname="YCSPC009" name="com.qa.tests.tjTest" tests="1" failures="0" timestamp="21 Sep 2020 07:53:47 GMT" time="0.524" errors="0">
  <testcase name="loginOut" time="0.524" classname="com.qa.tests.tjTest"/>
</testsuite> <!-- com.qa.tests.tjTest -->
