<?xml version="1.0" encoding="UTF-8"?>
<!-- Generated by org.testng.reporters.JUnitReportReporter -->
<testsuite hostname="YCSPC009" name="com.qa.tests.testCase1" tests="1" failures="0" timestamp="14 Aug 2020 08:22:57 GMT" time="198.808" errors="0">
  <testcase name="loginOut" time="198.808" classname="com.qa.tests.testCase1"/>
</testsuite> <!-- com.qa.tests.testCase1 -->
