<?xml version="1.0" encoding="UTF-8"?>
<!-- Generated by org.testng.reporters.JUnitReportReporter -->
<testsuite hostname="YCSPC009" name="com.qa.tests.test" tests="2" failures="0" timestamp="10 Aug 2020 07:11:42 GMT" time="3.047" errors="0">
  <testcase name="loginTest" time="2.151" classname="com.qa.tests.test"/>
  <testcase name="getUserTest" time="0.896" classname="com.qa.tests.test"/>
</testsuite> <!-- com.qa.tests.test -->
