<?xml version="1.0" encoding="UTF-8"?>
<!-- Generated by org.testng.reporters.JUnitReportReporter -->
<testsuite hostname="YCSPC009" name="com.qa.tests.CountryTests" tests="2" failures="0" timestamp="10 Sep 2020 03:42:18 GMT" time="13.727" errors="0">
  <testcase name="loginTest" time="7.876" classname="com.qa.tests.CountryTests"/>
  <testcase name="getUserTest" time="5.851" classname="com.qa.tests.CountryTests"/>
</testsuite> <!-- com.qa.tests.CountryTests -->
