<?xml version="1.0" encoding="UTF-8"?>
<!-- Generated by org.testng.reporters.JUnitReportReporter -->
<testsuite hostname="YCSPC009" name="com.qa.config.TestGroupsDemo" tests="4" failures="0" timestamp="6 Aug 2020 09:43:13 GMT" time="0.016" errors="0">
  <testcase name="test04" time="0.001" classname="com.qa.config.TestGroupsDemo"/>
  <testcase name="test02" time="0.001" classname="com.qa.config.TestGroupsDemo"/>
  <testcase name="test03" time="0.003" classname="com.qa.config.TestGroupsDemo"/>
  <testcase name="test01" time="0.011" classname="com.qa.config.TestGroupsDemo"/>
</testsuite> <!-- com.qa.config.TestGroupsDemo -->
