<?xml version="1.0" encoding="UTF-8"?>
<!-- Generated by org.testng.reporters.JUnitReportReporter -->
<testsuite hostname="YCSPC009" name="com.qa.tests.DeleteApiTest" tests="1" failures="0" timestamp="22 Jul 2020 07:26:11 GMT" time="1.749" errors="0">
  <testcase name="deleteApiTest" time="1.749" classname="com.qa.tests.DeleteApiTest"/>
</testsuite> <!-- com.qa.tests.DeleteApiTest -->
