<?xml version="1.0" encoding="UTF-8"?>
<!-- Generated by org.testng.reporters.JUnitReportReporter -->
<testsuite hostname="YCSPC009" name="com.qa.config.TestDependenceDemo" tests="4" failures="0" timestamp="6 Aug 2020 09:43:51 GMT" time="0.014" errors="0">
  <testcase name="tomcatServiceIsDown" time="0.001" classname="com.qa.config.TestDependenceDemo"/>
  <testcase name="restatTomcatService" time="0.011" classname="com.qa.config.TestDependenceDemo"/>
  <testcase name="shutDownApp" time="0.001" classname="com.qa.config.TestDependenceDemo"/>
  <testcase name="startAppService" time="0.001" classname="com.qa.config.TestDependenceDemo"/>
</testsuite> <!-- com.qa.config.TestDependenceDemo -->
