<?xml version="1.0" encoding="UTF-8"?>
<!-- Generated by org.testng.reporters.JUnitReportReporter -->
<testsuite hostname="YCSPC009" name="com.qa.tests.CountryTests" tests="2" failures="0" timestamp="16 Sep 2020 02:04:47 GMT" time="1.277" errors="0">
  <testcase name="loginTest" time="1.045" classname="com.qa.tests.CountryTests"/>
  <testcase name="getUserTest" time="0.232" classname="com.qa.tests.CountryTests"/>
</testsuite> <!-- com.qa.tests.CountryTests -->
