<?xml version="1.0" encoding="UTF-8"?>
<!-- Generated by org.testng.reporters.JUnitReportReporter -->
<testsuite hostname="YCSPC009" name="com.qa.tests.CountryTests" tests="2" failures="0" timestamp="21 Sep 2020 07:52:35 GMT" time="12.593" errors="0">
  <testcase name="loginTest" time="6.710" classname="com.qa.tests.CountryTests"/>
  <testcase name="getUserTest" time="5.883" classname="com.qa.tests.CountryTests"/>
</testsuite> <!-- com.qa.tests.CountryTests -->
