<?xml version="1.0" encoding="UTF-8"?>
<!-- Generated by org.testng.reporters.JUnitReportReporter -->
<testsuite hostname="YCSPC009" name="com.qa.config.TestNG_Demo1" tests="4" failures="0" timestamp="5 Aug 2020 06:52:45 GMT" time="2.519" errors="0">
  <testcase name="test5" time="0.001" classname="com.qa.config.TestNG_Demo1"/>
  <testcase name="test3" time="0.001" classname="com.qa.config.TestNG_Demo1"/>
  <testcase name="test4" time="0.002" classname="com.qa.config.TestNG_Demo1"/>
  <testcase name="test1" time="2.515" classname="com.qa.config.TestNG_Demo1"/>
</testsuite> <!-- com.qa.config.TestNG_Demo1 -->
