<?xml version="1.0" encoding="UTF-8"?>
<!-- Generated by org.testng.reporters.JUnitReportReporter -->
<testsuite hostname="YCSPC009" name="com.qa.tests.CountryTest" tests="2" failures="0" timestamp="12 Aug 2020 09:32:33 GMT" time="2.566" errors="0">
  <testcase name="loginTest" time="2.521" classname="com.qa.tests.CountryTest"/>
  <testcase name="getUserTest" time="0.045" classname="com.qa.tests.CountryTest"/>
</testsuite> <!-- com.qa.tests.CountryTest -->
