<?xml version="1.0" encoding="UTF-8"?>
<!-- Generated by org.testng.reporters.JUnitReportReporter -->
<testsuite hostname="YCSPC009" name="com.qa.test.GrowthValueCheck" tests="2" failures="0" timestamp="22 Oct 2020 07:08:46 GMT" time="10.583" errors="0">
  <testcase name="loginTest" time="8.534" classname="com.qa.test.GrowthValueCheck"/>
  <testcase name="getUserTest" time="2.049" classname="com.qa.test.GrowthValueCheck"/>
</testsuite> <!-- com.qa.test.GrowthValueCheck -->
