<?xml version="1.0" encoding="UTF-8"?>
<!-- Generated by org.testng.reporters.JUnitReportReporter -->
<testsuite hostname="YCSPC009" name="com.qa.tests.GetApiTest" tests="1" failures="0" timestamp="7 Sep 2020 09:20:28 GMT" time="0.481" errors="0">
  <testcase name="getAPITest" time="0.481" classname="com.qa.tests.GetApiTest"/>
</testsuite> <!-- com.qa.tests.GetApiTest -->
