<?xml version="1.0" encoding="UTF-8"?>
<!-- Generated by org.testng.reporters.JUnitReportReporter -->
<testsuite hostname="YCSPC009" name="com.qa.tests.PutApiTest" tests="1" failures="0" timestamp="22 Jul 2020 06:55:17 GMT" time="2.844" errors="0">
  <testcase name="putTest" time="2.844" classname="com.qa.tests.PutApiTest"/>
</testsuite> <!-- com.qa.tests.PutApiTest -->
