<?xml version="1.0" encoding="UTF-8"?>
<!-- Generated by org.testng.reporters.JUnitReportReporter -->
<testsuite hostname="YCSPC009" name="com.qa.tests.CountryTests" tests="2" failures="0" timestamp="10 Sep 2020 09:06:01 GMT" time="4.811" errors="0">
  <testcase name="getUserTest" time="0.033" classname="com.qa.tests.CountryTests"/>
  <testcase name="loginTest" time="4.778" classname="com.qa.tests.CountryTests"/>
</testsuite> <!-- com.qa.tests.CountryTests -->
