<?xml version="1.0" encoding="UTF-8"?>
<!-- Generated by org.testng.reporters.JUnitReportReporter -->
<testsuite skipped="1" hostname="YCSPC009" name="com.qa.tests.CountryTests" tests="3" failures="0" timestamp="10 九月 2020 07:10:07 GMT" time="4.530" errors="0">
  <testcase name="getUserTest" time="0.321" classname="com.qa.tests.CountryTests"/>
  <testcase name="loginTest" time="4.209" classname="com.qa.tests.CountryTests"/>
  <testcase name="modifyUser" classname="com.qa.tests.CountryTests">
    <skipped/>
  </testcase> <!-- modifyUser -->
</testsuite> <!-- com.qa.tests.CountryTests -->
