<?xml version="1.0" encoding="UTF-8"?>
<!-- Generated by org.testng.reporters.JUnitReportReporter -->
<testsuite hostname="YCSPC009" name="com.qa.test.CountryTest" tests="2" failures="0" timestamp="2 Dec 2020 12:46:23 GMT" time="19.549" errors="0">
  <testcase name="getUserTest" time="12.593" classname="com.qa.test.CountryTest"/>
  <testcase name="loginTest" time="6.956" classname="com.qa.test.CountryTest"/>
</testsuite> <!-- com.qa.test.CountryTest -->
